#
# There is insufficient memory for the Java Runtime Environment to continue.
# Native memory allocation (mmap) failed to map 536870912 bytes. Error detail: G1 virtual space
# Possible reasons:
#   The system is out of physical RAM or swap space
#   This process is running with CompressedOops enabled, and the Java Heap may be blocking the growth of the native heap
# Possible solutions:
#   Reduce memory load on the system
#   Increase physical memory or swap space
#   Check if swap backing store is full
#   Decrease Java heap size (-Xmx/-Xms)
#   Decrease number of Java threads
#   Decrease Java thread stack sizes (-Xss)
#   Set larger code cache with -XX:ReservedCodeCacheSize=
#   JVM is running with Zero Based Compressed Oops mode in which the Java heap is
#     placed in the first 32GB address space. The Java Heap base address is the
#     maximum limit for the native heap growth. Please use -XX:HeapBaseMinAddress
#     to set the Java Heap base and to place the Java Heap above 32GB virtual address.
# This output file may be truncated or incomplete.
#
#  Out of Memory Error (os_windows.cpp:3898), pid=13084, tid=43044
#
# JRE version:  (21.0.6) (build )
# Java VM: OpenJDK 64-Bit Server VM (21.0.6+-13391695-b895.109, mixed mode, sharing, tiered, compressed oops, compressed class ptrs, g1 gc, windows-amd64)
# No core dump will be written. Minidumps are not enabled by default on client versions of Windows
#

---------------  S U M M A R Y ------------

Command Line: 

Host: 12th Gen Intel(R) Core(TM) i5-12400F, 12 cores, 31G,  Windows 11 , 64 bit Build 26100 (10.0.26100.6725)
Time: Fri Oct 24 21:03:08 2025 Arab Standard Time elapsed time: 2.030354 seconds (0d 0h 0m 2s)

---------------  T H R E A D  ---------------

Current thread (0x0000023258b6f5d0):  JavaThread "Unknown thread" [_thread_in_vm, id=43044, stack(0x00000089d0100000,0x00000089d0200000) (1024K)]

Stack: [0x00000089d0100000,0x00000089d0200000]
Native frames: (J=compiled Java code, j=interpreted, Vv=VM code, C=native code)
V  [jvm.dll+0x6d0639]
V  [jvm.dll+0x85eb03]
V  [jvm.dll+0x86105e]
V  [jvm.dll+0x861743]
V  [jvm.dll+0x27e6e6]
V  [jvm.dll+0x6ccfd5]
V  [jvm.dll+0x6c0a8a]
V  [jvm.dll+0x35537b]
V  [jvm.dll+0x35cfd6]
V  [jvm.dll+0x3aef86]
V  [jvm.dll+0x3af258]
V  [jvm.dll+0x327a2c]
V  [jvm.dll+0x32871b]
V  [jvm.dll+0x826549]
V  [jvm.dll+0x3bc158]
V  [jvm.dll+0x80f7f8]
V  [jvm.dll+0x45035e]
V  [jvm.dll+0x451ac1]
C  [jli.dll+0x52ab]
C  [ucrtbase.dll+0x37b0]
C  [KERNEL32.DLL+0x2e8d7]
C  [ntdll.dll+0x8c53c]


---------------  P R O C E S S  ---------------

Threads class SMR info:
_java_thread_list=0x00007ffc8d881848, length=0, elements={
}

Java Threads: ( => current thread )
Total: 0

Other Threads:
  0x000002325b0eddc0 WorkerThread "GC Thread#0"                     [id=29076, stack(0x00000089d0200000,0x00000089d0300000) (1024K)]
  0x000002325b0ff5a0 ConcurrentGCThread "G1 Main Marker"            [id=56380, stack(0x00000089d0300000,0x00000089d0400000) (1024K)]
  0x000002325b101c30 WorkerThread "G1 Conc#0"                       [id=54384, stack(0x00000089d0400000,0x00000089d0500000) (1024K)]

[error occurred during error reporting (printing all threads), id 0xc0000005, EXCEPTION_ACCESS_VIOLATION (0xc0000005) at pc=0x00007ffc8d07aa87]
VM state: not at safepoint (not fully initialized)

VM Mutex/Monitor currently owned by a thread:  ([mutex/lock_event])
[0x00007ffc8d8ee4a0] Heap_lock - owner thread: 0x0000023258b6f5d0

Heap address: 0x0000000602c00000, size: 8148 MB, Compressed Oops mode: Zero based, Oop shift amount: 3

CDS archive(s) mapped at: [0x0000000000000000-0x0000000000000000-0x0000000000000000), size 0, SharedBaseAddress: 0x0000000800000000, ArchiveRelocationMode: 1.
Narrow klass base: 0x0000000000000000, Narrow klass shift: 0, Narrow klass range: 0x0

GC Precious Log:
 CardTable entry size: 512
 Card Set container configuration: InlinePtr #cards 4 size 8 Array Of Cards #cards 32 size 80 Howl #buckets 8 coarsen threshold 7372 Howl Bitmap #cards 1024 size 144 coarsen threshold 921 Card regions per heap region 1 cards per card region 8192

Heap:
 garbage-first heap   total 0K, used 0K [0x0000000602c00000, 0x0000000800000000)
  region size 4096K, 0 young (0K), 0 survivors (0K)
 Metaspace       used 0K, committed 0K, reserved 0K
  class space    used 0K, committed 0K, reserved 0K

Heap Regions: E=young(eden), S=young(survivor), O=old, HS=humongous(starts), HC=humongous(continues), CS=collection set, F=free, TAMS=top-at-mark-start, PB=parsable bottom

Card table byte_map: [0x000002326e6e0000,0x000002326f6d0000] _byte_map_base: 0x000002326b6ca000

Marking Bits: (CMBitMap*) 0x000002325b0eecd0
 Bits: [0x000002326f6d0000, 0x0000023277620000)

GC Heap History (0 events):
No events

Dll operation events (1 events):
Event: 0.005 Loaded shared library C:\Program Files\Android\Android Studio\jbr\bin\java.dll

Deoptimization events (0 events):
No events

Classes loaded (0 events):
No events

Classes unloaded (0 events):
No events

Classes redefined (0 events):
No events

Internal exceptions (0 events):
No events

ZGC Phase Switch (0 events):
No events

VM Operations (0 events):
No events

Memory protections (0 events):
No events

Nmethod flushes (0 events):
No events

Events (0 events):
No events


Dynamic libraries:
0x00007ff6b8d80000 - 0x00007ff6b8d8a000 	C:\Program Files\Android\Android Studio\jbr\bin\java.EXE
0x00007ffdadfa0000 - 0x00007ffdae208000 	C:\WINDOWS\SYSTEM32\ntdll.dll
0x00007ffdad3a0000 - 0x00007ffdad469000 	C:\WINDOWS\System32\KERNEL32.DLL
0x00007ffdab6b0000 - 0x00007ffdabaa2000 	C:\WINDOWS\System32\KERNELBASE.dll
0x00007ffdab4a0000 - 0x00007ffdab5eb000 	C:\WINDOWS\System32\ucrtbase.dll
0x00007ffd8edb0000 - 0x00007ffd8edc8000 	C:\Program Files\Android\Android Studio\jbr\bin\jli.dll
0x00007ffd8f850000 - 0x00007ffd8f86b000 	C:\Program Files\Android\Android Studio\jbr\bin\VCRUNTIME140.dll
0x00007ffdad950000 - 0x00007ffdadb15000 	C:\WINDOWS\System32\USER32.dll
0x00007ffd90030000 - 0x00007ffd902c3000 	C:\WINDOWS\WinSxS\amd64_microsoft.windows.common-controls_6595b64144ccf1df_6.0.26100.6899_none_3e0efeeae32e88c1\COMCTL32.dll
0x00007ffdab3d0000 - 0x00007ffdab3f7000 	C:\WINDOWS\System32\win32u.dll
0x00007ffdac4b0000 - 0x00007ffdac559000 	C:\WINDOWS\System32\msvcrt.dll
0x00007ffdade10000 - 0x00007ffdade3b000 	C:\WINDOWS\System32\GDI32.dll
0x00007ffdab130000 - 0x00007ffdab25d000 	C:\WINDOWS\System32\gdi32full.dll
0x00007ffdabcc0000 - 0x00007ffdabd63000 	C:\WINDOWS\System32\msvcp_win.dll
0x00007ffdac100000 - 0x00007ffdac12f000 	C:\WINDOWS\System32\IMM32.DLL
0x00007ffda6100000 - 0x00007ffda610c000 	C:\Program Files\Android\Android Studio\jbr\bin\vcruntime140_1.dll
0x00007ffd8ab50000 - 0x00007ffd8abdd000 	C:\Program Files\Android\Android Studio\jbr\bin\msvcp140.dll
0x00007ffc8cd40000 - 0x00007ffc8d9cb000 	C:\Program Files\Android\Android Studio\jbr\bin\server\jvm.dll
0x00007ffdac330000 - 0x00007ffdac3e4000 	C:\WINDOWS\System32\ADVAPI32.dll
0x00007ffdac740000 - 0x00007ffdac7e6000 	C:\WINDOWS\System32\sechost.dll
0x00007ffdade40000 - 0x00007ffdadf58000 	C:\WINDOWS\System32\RPCRT4.dll
0x00007ffdac7f0000 - 0x00007ffdac864000 	C:\WINDOWS\System32\WS2_32.dll
0x00007ffdaadf0000 - 0x00007ffdaae4e000 	C:\WINDOWS\SYSTEM32\POWRPROF.dll
0x00007ffd9d450000 - 0x00007ffd9d485000 	C:\WINDOWS\SYSTEM32\WINMM.dll
0x00007ffda4840000 - 0x00007ffda484b000 	C:\WINDOWS\SYSTEM32\VERSION.dll
0x00007ffdaadd0000 - 0x00007ffdaade4000 	C:\WINDOWS\SYSTEM32\UMPDC.dll
0x00007ffda9ec0000 - 0x00007ffda9edb000 	C:\WINDOWS\SYSTEM32\kernel.appcore.dll
0x00007ffda60d0000 - 0x00007ffda60da000 	C:\Program Files\Android\Android Studio\jbr\bin\jimage.dll
0x00007ffd9e010000 - 0x00007ffd9e252000 	C:\WINDOWS\SYSTEM32\DBGHELP.DLL
0x00007ffdabd70000 - 0x00007ffdac0eb000 	C:\WINDOWS\System32\combase.dll
0x00007ffdac240000 - 0x00007ffdac317000 	C:\WINDOWS\System32\OLEAUT32.dll
0x00007ffd90db0000 - 0x00007ffd90dec000 	C:\WINDOWS\SYSTEM32\dbgcore.DLL
0x00007ffdab400000 - 0x00007ffdab498000 	C:\WINDOWS\System32\bcryptPrimitives.dll
0x00007ffd8eac0000 - 0x00007ffd8eae0000 	C:\Program Files\Android\Android Studio\jbr\bin\java.dll

dbghelp: loaded successfully - version: 4.0.5 - missing functions: none
symbol engine: initialized successfully - sym options: 0x614 - pdb path: .;C:\Program Files\Android\Android Studio\jbr\bin;C:\WINDOWS\SYSTEM32;C:\WINDOWS\WinSxS\amd64_microsoft.windows.common-controls_6595b64144ccf1df_6.0.26100.6899_none_3e0efeeae32e88c1;C:\Program Files\Android\Android Studio\jbr\bin\server

VM Arguments:
java_command: <unknown>
java_class_path (initial): <not set>
Launcher Type: SUN_STANDARD

[Global flags]
     intx CICompilerCount                          = 4                                         {product} {ergonomic}
     uint ConcGCThreads                            = 3                                         {product} {ergonomic}
     uint G1ConcRefinementThreads                  = 10                                        {product} {ergonomic}
   size_t G1HeapRegionSize                         = 4194304                                   {product} {ergonomic}
    uintx GCDrainStackTargetSize                   = 64                                        {product} {ergonomic}
   size_t InitialHeapSize                          = 536870912                                 {product} {ergonomic}
   size_t MarkStackSize                            = 4194304                                   {product} {ergonomic}
   size_t MaxHeapSize                              = 8543797248                                {product} {ergonomic}
   size_t MinHeapDeltaBytes                        = 4194304                                   {product} {ergonomic}
   size_t MinHeapSize                              = 8388608                                   {product} {ergonomic}
    uintx NonNMethodCodeHeapSize                   = 5839372                                {pd product} {ergonomic}
    uintx NonProfiledCodeHeapSize                  = 122909434                              {pd product} {ergonomic}
    uintx ProfiledCodeHeapSize                     = 122909434                              {pd product} {ergonomic}
    uintx ReservedCodeCacheSize                    = 251658240                              {pd product} {ergonomic}
     bool SegmentedCodeCache                       = true                                      {product} {ergonomic}
   size_t SoftMaxHeapSize                          = 8543797248                             {manageable} {ergonomic}
     bool UseCompressedOops                        = true                           {product lp64_product} {ergonomic}
     bool UseG1GC                                  = true                                      {product} {ergonomic}
     bool UseLargePagesIndividualAllocation        = false                                  {pd product} {ergonomic}

Logging:
Log output configuration:
 #0: stdout all=warning uptime,level,tags foldmultilines=false
 #1: stderr all=off uptime,level,tags foldmultilines=false

Environment Variables:
PATH=C:\flutter\bin\;C:\Program Files\Common Files\Oracle\Java\javapath;C:\Program Files (x86)\Common Files\Oracle\Java\java8path;C:\Program Files (x86)\Common Files\Oracle\Java\javapath;C:\WINDOWS\system32;C:\WINDOWS;C:\WINDOWS\System32\Wbem;C:\WINDOWS\System32\WindowsPowerShell\v1.0\;C:\WINDOWS\System32\OpenSSH\;C:\Program Files\dotnet\;C:\Program Files\NVIDIA Corporation\NVIDIA App\NvDLISR;C:\Users\souda\Downloads\flutter\flutter\bin;C:\Program Files (x86)\NVIDIA Corporation\PhysX\Common;C:\Program Files\Git\cmd;C:\flutter\bin;C:\Program Files\nodejs\;C:\Program.Files\Java\jdk1.8.0_461;C:\Program Files\Java\jdk-25\bin;C:\Users\souda\AppData\Local\Microsoft\WindowsApps;C:\Users\souda\AppData\Local\Programs\Microsoft VS Code\bin;C:\Users\souda\AppData\Roaming\npm;C:\Program.Files\Java\jdk1.8.0_461;C:\Program Files\Java\jdk-25\bin;;C:\flutter\bin\mingit\cmd
USERNAME=souda
LANG=en_US.UTF-8
OS=Windows_NT
PROCESSOR_IDENTIFIER=Intel64 Family 6 Model 151 Stepping 2, GenuineIntel
TMP=C:\Users\souda\AppData\Local\Temp
TEMP=C:\Users\souda\AppData\Local\Temp




Periodic native trim disabled

JNI global refs:
JNI global refs: 0, weak refs: 0

JNI global refs memory usage: 0, weak refs: 0

Process memory usage:
Resident Set Size: 13040K (0% of 33363376K total physical memory with 4905180K free physical memory)

OOME stack traces (most recent first):
Classloader memory used:

---------------  S Y S T E M  ---------------

OS:
 Windows 11 , 64 bit Build 26100 (10.0.26100.6725)
OS uptime: 4 days 5:20 hours
Hyper-V role detected

CPU: total 12 (initial active 12) (6 cores per cpu, 2 threads per core) family 6 model 151 stepping 2 microcode 0x34, cx8, cmov, fxsr, ht, mmx, 3dnowpref, sse, sse2, sse3, ssse3, sse4.1, sse4.2, popcnt, lzcnt, tsc, tscinvbit, avx, avx2, aes, erms, clmul, bmi1, bmi2, adx, sha, fma, vzeroupper, clflush, clflushopt, clwb, hv, serialize, rdtscp, rdpid, fsrm, f16c, cet_ibt, cet_ss
Processor Information for the first 12 processors :
  Max Mhz: 2500, Current Mhz: 2500, Mhz Limit: 2500

Memory: 4k page, system-wide physical 32581M (4790M free)
TotalPageFile size 130885M (AvailPageFile size 394M)
current process WorkingSet (physical memory assigned to process): 12M, peak: 12M
current process commit charge ("private bytes"): 64M, peak: 576M

vm_info: OpenJDK 64-Bit Server VM (21.0.6+-13391695-b895.109) for windows-amd64 JRE (21.0.6+-13391695-b895.109), built on 2025-04-22T21:19:17Z by "builder" with MS VC++ 16.10 / 16.11 (VS2019)

END.
